<?xml version="1.0" encoding="UTF-8"?>
<!-- Generated by org.testng.reporters.JUnitXMLReporter -->
<testsuite hostname="LAPTOP-LVA07G2U" ignored="4" name="Default test" tests="1" failures="0" timestamp="2022-03-03T08:43:10 PST" time="15.521" errors="0">
  <testcase name="performmyprofileoptions" time="12.036" classname="com.training.test.UserMenuTest"/>
  <testcase name="performmysettingsoptions" time="0.0" classname="com.training.test.UserMenuTest">
    <ignored/>
  </testcase> <!-- performmysettingsoptions -->
  <testcase name="performdeveloperconsoleoptions" time="0.0" classname="com.training.test.UserMenuTest">
    <ignored/>
  </testcase> <!-- performdeveloperconsoleoptions -->
  <testcase name="performlogoutoption" time="0.0" classname="com.training.test.UserMenuTest">
    <ignored/>
  </testcase> <!-- performlogoutoption -->
  <testcase name="validatusermenudropdown" time="0.0" classname="com.training.test.UserMenuTest">
    <ignored/>
  </testcase> <!-- validatusermenudropdown -->
</testsuite> <!-- Default test -->
