<?xml version="1.0" encoding="UTF-8"?>
<!-- Generated by org.testng.reporters.JUnitXMLReporter -->
<testsuite hostname="LAPTOP-LVA07G2U" ignored="0" name="Login" tests="6" failures="2" timestamp="2022-02-27T19:21:26 PST" time="52.103" errors="0">
  <testcase name="validateLoginerrorbypassworderror" time="0.702" classname="com.training.test.LoginTest"/>
  <testcase name="validateLoginenterintoapplication" time="0.312" classname="com.training.test.LoginTest"/>
  <testcase name="testremembermebuttonclicked" time="9.224" classname="com.training.test.LoginTest"/>
  <testcase name="testforgotpassword" time="2.662" classname="com.training.test.LoginTest"/>
  <testcase name="validateloginerrormessage" time="0.54" classname="com.training.test.LoginTest">
    <failure type="java.lang.AssertionError" message="Assertion done expected [Your login attempt has failed. The username or password may be incorrect, or your location or login time may be restricted. Please contact the administrator at your company for help] but found [Please check your username and password. If you still can&amp;apos;t log in, contact your Salesforce administrator.]">
      <![CDATA[java.lang.AssertionError: Assertion done expected [Your login attempt has failed. The username or password may be incorrect, or your location or login time may be restricted. Please contact the administrator at your company for help] but found [Please check your username and password. If you still can't log in, contact your Salesforce administrator.]
at com.training.base.BasePage.validateassertion(BasePage.java:28)
at com.training.pages.LoginPage.validateerrorloginmsg(LoginPage.java:112)
at com.training.test.LoginTest.validateloginerrormessage(LoginTest.java:115)
at java.util.ArrayList.forEach(ArrayList.java:1259)
... Removed 32 stack frames]]>
    </failure>
  </testcase> <!-- validateloginerrormessage -->
  <testcase name="validatusermenudropdown" time="4.812" classname="com.training.test.UserMenuTest">
    <failure type="java.lang.AssertionError" message="Assertion done expected [Logout] but found [Switch to Lightning Experience]">
      <![CDATA[java.lang.AssertionError: Assertion done expected [Logout] but found [Switch to Lightning Experience]
at com.training.base.BasePage.validateassertion(BasePage.java:28)
at com.training.pages.UserMenuPage.validatedropdownmenu(UserMenuPage.java:44)
at com.training.test.UserMenuTest.validatusermenudropdown(UserMenuTest.java:54)
at java.util.ArrayList.forEach(ArrayList.java:1259)
... Removed 32 stack frames]]>
    </failure>
  </testcase> <!-- validatusermenudropdown -->
</testsuite> <!-- Login -->
