<?xml version="1.0" encoding="UTF-8"?>
<testng-results skipped="0" failed="0" ignored="4" total="5" passed="1">
  <reporter-output>
  </reporter-output>
  <suite name="Default suite" duration-ms="15521" started-at="2022-03-03T08:42:55 PST" finished-at="2022-03-03T08:43:10 PST">
    <groups>
    </groups>
    <test name="Default test" duration-ms="15521" started-at="2022-03-03T08:42:55 PST" finished-at="2022-03-03T08:43:10 PST">
      <class name="com.training.test.UserMenuTest">
        <test-method status="PASS" signature="beforeTest()[pri:0, instance:com.training.test.UserMenuTest@52f759d7]" name="beforeTest" is-config="true" duration-ms="3319" started-at="2022-03-03T08:42:55 PST" finished-at="2022-03-03T08:42:58 PST">
          <reporter-output>
          </reporter-output>
        </test-method> <!-- beforeTest -->
        <test-method status="PASS" signature="performmyprofileoptions()[pri:0, instance:com.training.test.UserMenuTest@52f759d7]" name="performmyprofileoptions" duration-ms="12036" started-at="2022-03-03T08:42:58 PST" finished-at="2022-03-03T08:43:10 PST">
          <reporter-output>
          </reporter-output>
        </test-method> <!-- performmyprofileoptions -->
        <test-method status="PASS" signature="teardown()[pri:0, instance:com.training.test.UserMenuTest@52f759d7]" name="teardown" is-config="true" duration-ms="120" started-at="2022-03-03T08:43:10 PST" finished-at="2022-03-03T08:43:10 PST">
          <reporter-output>
          </reporter-output>
        </test-method> <!-- teardown -->
      </class> <!-- com.training.test.UserMenuTest -->
    </test> <!-- Default test -->
  </suite> <!-- Default suite -->
</testng-results>
